<?xml version="1.0" encoding="UTF-8"?>
<testsuite xmlns:xsi="http://www.w3.org/2001/XMLSchema-instance" xsi:noNamespaceSchemaLocation="https://maven.apache.org/surefire/maven-surefire-plugin/xsd/surefire-test-report.xsd" name="edu.arizona.cs.TestQ1_2_c" time="0.002" tests="1" errors="0" skipped="0" failures="1">
  <properties>
[...]
</properties>
  <testcase name="testDocsAndScores" classname="edu.arizona.cs.TestQ1_2_c" time="0.002">
    <failure message="expected: &lt;1&gt; but was: &lt;2&gt;" type="org.opentest4j.AssertionFailedError"><![CDATA[org.opentest4j.AssertionFailedError: expected: <1> but was: <2>
	at edu.arizona.cs.TestQ1_2_c.testDocsAndScores(TestQ1_2_c.java:20)
]]></failure>
    <system-out><![CDATA[Doc1 information retrieval is the most awesome class I ever took.
Doc2 the retrieval of private information from your emails is a job that the NSA loves.
Doc3 at university of arizona you learn about data science.
Doc4 the labrador retriever is a great dog.
]]></system-out>
  </testcase>
</testsuite>